<?xml version="1.0" encoding="UTF-8"?>
<!-- Generated by org.testng.reporters.JUnitReportReporter -->
<testsuite skipped="0" hostname="DESKTOP-7GVQ1KM" name="com.payBox.testCases.TC_HomeTest" tests="1" failures="0" timestamp="19 May 2021 16:02:09 GMT" time="25.410" errors="0">
  <testcase name="addNewFolder" time="25.410" classname="com.payBox.testCases.TC_HomeTest"/>
</testsuite> <!-- com.payBox.testCases.TC_HomeTest -->
