<?xml version="1.0" encoding="UTF-8"?>
<!-- Generated by org.testng.reporters.JUnitReportReporter -->
<testsuite skipped="1" hostname="DESKTOP-7GVQ1KM" name="com.payBox.testCases.TC_LoginTest" tests="1" failures="0" timestamp="17 May 2021 12:31:01 GMT" time="0.000" errors="0">
  <testcase name="loginTest" time="0.000" classname="com.payBox.testCases.TC_LoginTest">
    <skipped/>
  </testcase> <!-- loginTest -->
</testsuite> <!-- com.payBox.testCases.TC_LoginTest -->
