<?xml version="1.0" encoding="UTF-8"?>
<!-- Generated by org.testng.reporters.JUnitReportReporter -->
<testsuite skipped="0" hostname="DESKTOP-7GVQ1KM" name="com.payBox.testCases.TC_LoginTest" tests="1" failures="0" timestamp="19 May 2021 14:27:30 GMT" time="24.137" errors="0">
  <testcase name="loginTest" time="24.137" classname="com.payBox.testCases.TC_LoginTest"/>
</testsuite> <!-- com.payBox.testCases.TC_LoginTest -->
