<?xml version="1.0" encoding="UTF-8"?>
<!-- Generated by org.testng.reporters.JUnitReportReporter -->
<testsuite skipped="0" hostname="DESKTOP-7GVQ1KM" name="com.payBox.testCases.TC_UploadTest" tests="1" failures="0" timestamp="19 May 2021 20:58:52 GMT" time="52.514" errors="0">
  <testcase name="uploadFile" time="52.514" classname="com.payBox.testCases.TC_UploadTest"/>
</testsuite> <!-- com.payBox.testCases.TC_UploadTest -->
