<?xml version="1.0" encoding="UTF-8"?>
<!-- Generated by org.testng.reporters.JUnitReportReporter -->
<testsuite skipped="0" hostname="DESKTOP-7GVQ1KM" name="com.payBox.testCases.TC_LoginTest" tests="1" failures="0" timestamp="16 May 2021 15:49:45 GMT" time="18.656" errors="0">
  <testcase name="loginTest" time="18.656" classname="com.payBox.testCases.TC_LoginTest"/>
</testsuite> <!-- com.payBox.testCases.TC_LoginTest -->
